# JRE version: Java(TM) SE Runtime Environment (8.0_05-b13) (build 1.8.0_05-b13)
# Java VM: Java HotSpot(TM) 64-Bit Server VM (25.5-b02 mixed mode bsd-amd64 compressed oops)
Heap:
 par new generation   total 153344K, used 94609K [0x0000000780000000, 0x000000078a660000, 0x000000078a660000)
  eden space 136320K,  56% used [0x0000000780000000, 0x0000000784bc46d0, 0x0000000788520000)
  from space 17024K,  99% used [0x0000000788520000, 0x00000007895bfff0, 0x00000007895c0000)
  to   space 17024K,   0% used [0x00000007895c0000, 0x00000007895c0000, 0x000000078a660000)
 concurrent mark-sweep generation total 878208K, used 11128K [0x000000078a660000, 0x00000007c0000000, 0x00000007c0000000)
 Metaspace       used 20608K, capacity 20798K, committed 21248K, reserved 1067008K
  class space    used 2681K, capacity 2753K, committed 2816K, reserved 1048576K
GC Heap History (6 events):
Event: 1.612 GC heap before
{Heap before GC invocations=0 (full 0):
 par new generation   total 153344K, used 49118K [0x0000000780000000, 0x000000078a660000, 0x000000078a660000)
  eden space 136320K,  36% used [0x0000000780000000, 0x0000000782ff7bb8, 0x0000000788520000)
  from space 17024K,   0% used [0x0000000788520000, 0x0000000788520000, 0x00000007895c0000)
  to   space 17024K,   0% used [0x00000007895c0000, 0x00000007895c0000, 0x000000078a660000)
 concurrent mark-sweep generation total 878208K, used 0K [0x000000078a660000, 0x00000007c0000000, 0x00000007c0000000)
 Metaspace       used 10010K, capacity 10090K, committed 10240K, reserved 1058816K
  class space    used 1188K, capacity 1203K, committed 1280K, reserved 1048576K
Event: 1.669 GC heap after
Heap after GC invocations=1 (full 1):
 par new generation   total 153344K, used 0K [0x0000000780000000, 0x000000078a660000, 0x000000078a660000)
  eden space 136320K,   0% used [0x0000000780000000, 0x0000000780000000, 0x0000000788520000)
  from space 17024K,   0% used [0x0000000788520000, 0x0000000788520000, 0x00000007895c0000)
  to   space 17024K,   0% used [0x00000007895c0000, 0x00000007895c0000, 0x000000078a660000)
 concurrent mark-sweep generation total 878208K, used 5269K [0x000000078a660000, 0x00000007c0000000, 0x00000007c0000000)
 Metaspace       used 10010K, capacity 10090K, committed 10240K, reserved 1058816K
  class space    used 1188K, capacity 1203K, committed 1280K, reserved 1048576K
}
Event: 6.226 GC heap before
{Heap before GC invocations=1 (full 2):
 par new generation   total 153344K, used 136320K [0x0000000780000000, 0x000000078a660000, 0x000000078a660000)
  eden space 136320K, 100% used [0x0000000780000000, 0x0000000788520000, 0x0000000788520000)
  from space 17024K,   0% used [0x0000000788520000, 0x0000000788520000, 0x00000007895c0000)
  to   space 17024K,   0% used [0x00000007895c0000, 0x00000007895c0000, 0x000000078a660000)
 concurrent mark-sweep generation total 878208K, used 5269K [0x000000078a660000, 0x00000007c0000000, 0x00000007c0000000)
 Metaspace       used 13063K, capacity 13192K, committed 13440K, reserved 1060864K
  class space    used 1544K, capacity 1596K, committed 1664K, reserved 1048576K
Event: 6.270 GC heap after
Heap after GC invocations=2 (full 2):
 par new generation   total 153344K, used 9006K [0x0000000780000000, 0x000000078a660000, 0x000000078a660000)
  eden space 136320K,   0% used [0x0000000780000000, 0x0000000780000000, 0x0000000788520000)
  from space 17024K,  52% used [0x00000007895c0000, 0x0000000789e8bb40, 0x000000078a660000)
  to   space 17024K,   0% used [0x0000000788520000, 0x0000000788520000, 0x00000007895c0000)
 concurrent mark-sweep generation total 878208K, used 5269K [0x000000078a660000, 0x00000007c0000000, 0x00000007c0000000)
 Metaspace       used 13063K, capacity 13192K, committed 13440K, reserved 1060864K
  class space    used 1544K, capacity 1596K, committed 1664K, reserved 1048576K
}
Event: 8.951 GC heap before
{Heap before GC invocations=2 (full 2):
 par new generation   total 153344K, used 145326K [0x0000000780000000, 0x000000078a660000, 0x000000078a660000)
  eden space 136320K, 100% used [0x0000000780000000, 0x0000000788520000, 0x0000000788520000)
  from space 17024K,  52% used [0x00000007895c0000, 0x0000000789e8bb40, 0x000000078a660000)
  to   space 17024K,   0% used [0x0000000788520000, 0x0000000788520000, 0x00000007895c0000)
 concurrent mark-sweep generation total 878208K, used 5269K [0x000000078a660000, 0x00000007c0000000, 0x00000007c0000000)
 Metaspace       used 18346K, capacity 18552K, committed 18816K, reserved 1064960K
  class space    used 2321K, capacity 2368K, committed 2432K, reserved 1048576K
Event: 9.088 GC heap after
Heap after GC invocations=3 (full 2):
 par new generation   total 153344K, used 17023K [0x0000000780000000, 0x000000078a660000, 0x000000078a660000)
  eden space 136320K,   0% used [0x0000000780000000, 0x0000000780000000, 0x0000000788520000)
  from space 17024K,  99% used [0x0000000788520000, 0x00000007895bfff0, 0x00000007895c0000)
  to   space 17024K,   0% used [0x00000007895c0000, 0x00000007895c0000, 0x000000078a660000)
 concurrent mark-sweep generation total 878208K, used 13968K [0x000000078a660000, 0x00000007c0000000, 0x00000007c0000000)
 Metaspace       used 18346K, capacity 18552K, committed 18816K, reserved 1064960K
  class space    used 2321K, capacity 2368K, committed 2432K, reserved 1048576K
}

